#
# There is insufficient memory for the Java Runtime Environment to continue.
# Native memory allocation (mmap) failed to map 65536 bytes for Failed to commit metaspace.
# Possible reasons:
#   The system is out of physical RAM or swap space
#   The process is running with CompressedOops enabled, and the Java Heap may be blocking the growth of the native heap
# Possible solutions:
#   Reduce memory load on the system
#   Increase physical memory or swap space
#   Check if swap backing store is full
#   Decrease Java heap size (-Xmx/-Xms)
#   Decrease number of Java threads
#   Decrease Java thread stack sizes (-Xss)
#   Set larger code cache with -XX:ReservedCodeCacheSize=
#   JVM is running with Unscaled Compressed Oops mode in which the Java heap is
#     placed in the first 4GB address space. The Java Heap base address is the
#     maximum limit for the native heap growth. Please use -XX:HeapBaseMinAddress
#     to set the Java Heap base and to place the Java Heap above 4GB virtual address.
# This output file may be truncated or incomplete.
#
#  Out of Memory Error (virtualSpaceNode.cpp:110), pid=4820, tid=1648
#
# JRE version: OpenJDK Runtime Environment (17.0.7) (build 17.0.7+0-b2043.56-10550314)
# Java VM: OpenJDK 64-Bit Server VM (17.0.7+0-b2043.56-10550314, mixed mode, tiered, compressed oops, compressed class ptrs, g1 gc, windows-amd64)
# No core dump will be written. Minidumps are not enabled by default on client versions of Windows
#

---------------  S U M M A R Y ------------

Command Line: --add-opens=java.base/java.util=ALL-UNNAMED --add-opens=java.base/java.lang=ALL-UNNAMED --add-opens=java.base/java.lang.invoke=ALL-UNNAMED --add-opens=java.prefs/java.util.prefs=ALL-UNNAMED --add-opens=java.base/java.nio.charset=ALL-UNNAMED --add-opens=java.base/java.net=ALL-UNNAMED --add-opens=java.base/java.util.concurrent.atomic=ALL-UNNAMED -Xmx2048m -Dfile.encoding=UTF-8 -Duser.country=BR -Duser.language=pt -Duser.variant -javaagent:C:\Users\joaoc\.gradle\wrapper\dists\gradle-8.2-bin\bbg7u40eoinfdyxsxr3z4i7ta\gradle-8.2\lib\agents\gradle-instrumentation-agent-8.2.jar org.gradle.launcher.daemon.bootstrap.GradleDaemon 8.2

Host: Intel(R) Core(TM) i5-1035G1 CPU @ 1.00GHz, 8 cores, 7G,  Windows 11 , 64 bit Build 22621 (10.0.22621.3374)
Time: Sat Apr 27 22:00:18 2024 Hora oficial do Brasil elapsed time: 22.915629 seconds (0d 0h 0m 22s)

---------------  T H R E A D  ---------------

Current thread (0x00000226ef5a84f0):  JavaThread "Daemon worker" [_thread_in_vm, id=1648, stack(0x000000e31e000000,0x000000e31e100000)]

Stack: [0x000000e31e000000,0x000000e31e100000]
Native frames: (J=compiled Java code, j=interpreted, Vv=VM code, C=native code)
V  [jvm.dll+0x683bfa]
V  [jvm.dll+0x8430a4]
V  [jvm.dll+0x8449be]
V  [jvm.dll+0x845023]
V  [jvm.dll+0x24ad2f]
V  [jvm.dll+0x83e45b]
V  [jvm.dll+0x6281e6]
V  [jvm.dll+0x1c29ee]
V  [jvm.dll+0x62ab31]
V  [jvm.dll+0x628b86]
V  [jvm.dll+0x23ffe6]
V  [jvm.dll+0x1ef45d]
V  [jvm.dll+0x1e4e1c]
V  [jvm.dll+0x54a1dd]
V  [jvm.dll+0x7bd775]
V  [jvm.dll+0x7bd88e]
V  [jvm.dll+0x413a8a]
V  [jvm.dll+0x419c09]
C  [java.dll+0x17ec]

Java frames: (J=compiled Java code, j=interpreted, Vv=VM code)
J 780  java.lang.ClassLoader.defineClass1(Ljava/lang/ClassLoader;Ljava/lang/String;[BIILjava/security/ProtectionDomain;Ljava/lang/String;)Ljava/lang/Class; java.base@17.0.7 (0 bytes) @ 0x00000226dae6bcdb [0x00000226dae6bc20+0x00000000000000bb]
J 1242 c1 java.lang.ClassLoader.defineClass(Ljava/lang/String;[BIILjava/security/ProtectionDomain;)Ljava/lang/Class; java.base@17.0.7 (43 bytes) @ 0x00000226d35be744 [0x00000226d35be400+0x0000000000000344]
J 970 c1 java.security.SecureClassLoader.defineClass(Ljava/lang/String;[BIILjava/security/CodeSource;)Ljava/lang/Class; java.base@17.0.7 (16 bytes) @ 0x00000226d351b88c [0x00000226d351b7c0+0x00000000000000cc]
J 971 c1 java.net.URLClassLoader.defineClass(Ljava/lang/String;Ljdk/internal/loader/Resource;)Ljava/lang/Class; java.base@17.0.7 (224 bytes) @ 0x00000226d35165a4 [0x00000226d3514bc0+0x00000000000019e4]
J 775 c1 java.net.URLClassLoader$1.run()Ljava/lang/Class; java.base@17.0.7 (81 bytes) @ 0x00000226d348c064 [0x00000226d348b420+0x0000000000000c44]
J 711 c1 java.net.URLClassLoader$1.run()Ljava/lang/Object; java.base@17.0.7 (5 bytes) @ 0x00000226d3468944 [0x00000226d34688c0+0x0000000000000084]
J 601 c1 java.security.AccessController.doPrivileged(Ljava/security/PrivilegedExceptionAction;Ljava/security/AccessControlContext;)Ljava/lang/Object; java.base@17.0.7 (26 bytes) @ 0x00000226d34329f4 [0x00000226d3432820+0x00000000000001d4]
J 709 c1 java.net.URLClassLoader.findClass(Ljava/lang/String;)Ljava/lang/Class; java.base@17.0.7 (47 bytes) @ 0x00000226d3467c14 [0x00000226d3467a80+0x0000000000000194]
J 672 c1 java.lang.ClassLoader.loadClass(Ljava/lang/String;Z)Ljava/lang/Class; java.base@17.0.7 (121 bytes) @ 0x00000226d34598dc [0x00000226d3459340+0x000000000000059c]
J 680 c1 java.lang.ClassLoader.loadClass(Ljava/lang/String;)Ljava/lang/Class; java.base@17.0.7 (7 bytes) @ 0x00000226d345ce3c [0x00000226d345cd40+0x00000000000000fc]
v  ~StubRoutines::call_stub
j  com.google.common.cache.CacheBuilder.build()Lcom/google/common/cache/Cache;+8
j  org.gradle.api.tasks.util.internal.CachingPatternSpecFactory.<init>()V+33
j  org.gradle.internal.service.scopes.GlobalScopeServices.createPatternSpecFactory(Lorg/gradle/internal/event/ListenerManager;)Lorg/gradle/api/tasks/util/internal/PatternSpecFactory;+4
v  ~StubRoutines::call_stub
j  jdk.internal.reflect.NativeMethodAccessorImpl.invoke0(Ljava/lang/reflect/Method;Ljava/lang/Object;[Ljava/lang/Object;)Ljava/lang/Object;+0 java.base@17.0.7
j  jdk.internal.reflect.NativeMethodAccessorImpl.invoke(Ljava/lang/Object;[Ljava/lang/Object;)Ljava/lang/Object;+133 java.base@17.0.7
J 1795 c1 jdk.internal.reflect.DelegatingMethodAccessorImpl.invoke(Ljava/lang/Object;[Ljava/lang/Object;)Ljava/lang/Object; java.base@17.0.7 (10 bytes) @ 0x00000226d36c503c [0x00000226d36c4f40+0x00000000000000fc]
J 1794 c1 java.lang.reflect.Method.invoke(Ljava/lang/Object;[Ljava/lang/Object;)Ljava/lang/Object; java.base@17.0.7 (65 bytes) @ 0x00000226d36c4aac [0x00000226d36c4780+0x000000000000032c]
j  org.gradle.internal.reflect.JavaMethod.invoke(Ljava/lang/Object;[Ljava/lang/Object;)Ljava/lang/Object;+6
j  org.gradle.internal.service.ReflectionBasedServiceMethod.invoke(Ljava/lang/Object;[Ljava/lang/Object;)Ljava/lang/Object;+6
j  org.gradle.internal.service.DefaultServiceRegistry$FactoryMethodService.invokeMethod([Ljava/lang/Object;)Ljava/lang/Object;+9
j  org.gradle.internal.service.DefaultServiceRegistry$FactoryService.createServiceInstance()Ljava/lang/Object;+7
j  org.gradle.internal.service.DefaultServiceRegistry$ManagedObjectServiceProvider.getInstance()Ljava/lang/Object;+24
j  org.gradle.internal.service.DefaultServiceRegistry$SingletonService.get()Ljava/lang/Object;+1
j  org.gradle.internal.service.DefaultServiceRegistry$FactoryService.assembleParameters()[Ljava/lang/Object;+44
j  org.gradle.internal.service.DefaultServiceRegistry$FactoryService.createServiceInstance()Ljava/lang/Object;+1
j  org.gradle.internal.service.DefaultServiceRegistry$ManagedObjectServiceProvider.getInstance()Ljava/lang/Object;+24
j  org.gradle.internal.service.DefaultServiceRegistry$SingletonService.get()Ljava/lang/Object;+1
j  org.gradle.internal.service.DefaultServiceRegistry$FactoryService.assembleParameters()[Ljava/lang/Object;+44
j  org.gradle.internal.service.DefaultServiceRegistry$FactoryService.createServiceInstance()Ljava/lang/Object;+1
j  org.gradle.internal.service.DefaultServiceRegistry$ManagedObjectServiceProvider.getInstance()Ljava/lang/Object;+24
j  org.gradle.internal.service.DefaultServiceRegistry$SingletonService.get()Ljava/lang/Object;+1
j  org.gradle.internal.service.DefaultServiceRegistry$FactoryService.assembleParameters()[Ljava/lang/Object;+44
j  org.gradle.internal.service.DefaultServiceRegistry$FactoryService.createServiceInstance()Ljava/lang/Object;+1
j  org.gradle.internal.service.DefaultServiceRegistry$ManagedObjectServiceProvider.getInstance()Ljava/lang/Object;+24
j  org.gradle.internal.service.DefaultServiceRegistry$SingletonService.get()Ljava/lang/Object;+1
j  org.gradle.internal.service.DefaultServiceRegistry$FactoryService.assembleParameters()[Ljava/lang/Object;+44
j  org.gradle.internal.service.DefaultServiceRegistry$FactoryService.createServiceInstance()Ljava/lang/Object;+1
j  org.gradle.internal.service.DefaultServiceRegistry$ManagedObjectServiceProvider.getInstance()Ljava/lang/Object;+24
j  org.gradle.internal.service.DefaultServiceRegistry$SingletonService.get()Ljava/lang/Object;+1
j  org.gradle.internal.service.DefaultServiceRegistry.applyConfigureMethod(Lorg/gradle/internal/service/ServiceMethod;Ljava/lang/Object;)V+125
j  org.gradle.internal.service.DefaultServiceRegistry.findProviderMethods(Ljava/lang/Object;)V+196
j  org.gradle.internal.service.DefaultServiceRegistry.addProvider(Ljava/lang/Object;)Lorg/gradle/internal/service/DefaultServiceRegistry;+6
j  org.gradle.internal.service.DefaultServiceRegistry$1.addProvider(Ljava/lang/Object;)V+5
j  org.gradle.internal.service.scopes.GradleUserHomeScopeServices.configure(Lorg/gradle/internal/service/ServiceRegistration;)V+13
j  java.lang.invoke.DirectMethodHandle$Holder.invokeVirtual(Ljava/lang/Object;Ljava/lang/Object;Ljava/lang/Object;)V+11 java.base@17.0.7
j  java.lang.invoke.LambdaForm$MH+0x00000001000eac00.invoke(Ljava/lang/Object;Ljava/lang/Object;)Ljava/lang/Object;+39 java.base@17.0.7
j  java.lang.invoke.LambdaForm$MH+0x00000001000ea000.invoke(Ljava/lang/Object;Ljava/lang/Object;Ljava/lang/Object;)Ljava/lang/Object;+45 java.base@17.0.7
j  java.lang.invoke.LambdaForm$MH+0x00000001000eb000.invokeExact_MT(Ljava/lang/Object;Ljava/lang/Object;Ljava/lang/Object;Ljava/lang/Object;)Ljava/lang/Object;+20 java.base@17.0.7
j  java.lang.invoke.MethodHandle.invokeWithArguments([Ljava/lang/Object;)Ljava/lang/Object;+28 java.base@17.0.7
j  org.gradle.internal.service.MethodHandleBasedServiceMethod.invoke(Ljava/lang/Object;[Ljava/lang/Object;)Ljava/lang/Object;+9
j  org.gradle.internal.service.DefaultServiceRegistry.applyConfigureMethod(Lorg/gradle/internal/service/ServiceMethod;Ljava/lang/Object;)V+140
j  org.gradle.internal.service.DefaultServiceRegistry.findProviderMethods(Ljava/lang/Object;)V+196
j  org.gradle.internal.service.DefaultServiceRegistry.addProvider(Ljava/lang/Object;)Lorg/gradle/internal/service/DefaultServiceRegistry;+6
j  org.gradle.internal.service.ServiceRegistryBuilder.build()Lorg/gradle/internal/service/ServiceRegistry;+56
j  org.gradle.internal.service.scopes.DefaultGradleUserHomeScopeServiceRegistry.getServicesFor(Ljava/io/File;)Lorg/gradle/internal/service/ServiceRegistry;+147
j  org.gradle.internal.session.BuildSessionState.<init>(Lorg/gradle/internal/service/scopes/GradleUserHomeScopeServiceRegistry;Lorg/gradle/internal/session/CrossBuildSessionState;Lorg/gradle/api/internal/StartParameterInternal;Lorg/gradle/initialization/BuildRequestMetaData;Lorg/gradle/internal/classpath/ClassPath;Lorg/gradle/initialization/BuildCancellationToken;Lorg/gradle/initialization/BuildClientMetaData;Lorg/gradle/initialization/BuildEventConsumer;)V+15
j  org.gradle.tooling.internal.provider.BuildSessionLifecycleBuildActionExecuter.execute(Lorg/gradle/internal/invocation/BuildAction;Lorg/gradle/launcher/exec/BuildActionParameters;Lorg/gradle/initialization/BuildRequestContext;)Lorg/gradle/launcher/exec/BuildActionResult;+86
j  org.gradle.tooling.internal.provider.BuildSessionLifecycleBuildActionExecuter.execute(Lorg/gradle/internal/invocation/BuildAction;Ljava/lang/Object;Ljava/lang/Object;)Lorg/gradle/launcher/exec/BuildActionResult;+10
j  org.gradle.tooling.internal.provider.StartParamsValidatingActionExecuter.execute(Lorg/gradle/internal/invocation/BuildAction;Lorg/gradle/launcher/exec/BuildActionParameters;Lorg/gradle/initialization/BuildRequestContext;)Lorg/gradle/launcher/exec/BuildActionResult;+203
j  org.gradle.tooling.internal.provider.StartParamsValidatingActionExecuter.execute(Lorg/gradle/internal/invocation/BuildAction;Ljava/lang/Object;Ljava/lang/Object;)Lorg/gradle/launcher/exec/BuildActionResult;+10
j  org.gradle.tooling.internal.provider.SessionFailureReportingActionExecuter.execute(Lorg/gradle/internal/invocation/BuildAction;Lorg/gradle/launcher/exec/BuildActionParameters;Lorg/gradle/initialization/BuildRequestContext;)Lorg/gradle/launcher/exec/BuildActionResult;+7
j  org.gradle.tooling.internal.provider.SessionFailureReportingActionExecuter.execute(Lorg/gradle/internal/invocation/BuildAction;Ljava/lang/Object;Ljava/lang/Object;)Lorg/gradle/launcher/exec/BuildActionResult;+10
j  org.gradle.tooling.internal.provider.SetupLoggingActionExecuter.execute(Lorg/gradle/internal/invocation/BuildAction;Lorg/gradle/launcher/exec/BuildActionParameters;Lorg/gradle/initialization/BuildRequestContext;)Lorg/gradle/launcher/exec/BuildActionResult;+50
j  org.gradle.tooling.internal.provider.SetupLoggingActionExecuter.execute(Lorg/gradle/internal/invocation/BuildAction;Ljava/lang/Object;Ljava/lang/Object;)Lorg/gradle/launcher/exec/BuildActionResult;+10
j  org.gradle.launcher.daemon.server.exec.ExecuteBuild.doBuild(Lorg/gradle/launcher/daemon/server/api/DaemonCommandExecution;Lorg/gradle/launcher/daemon/protocol/Build;)V+117
j  org.gradle.launcher.daemon.server.exec.BuildCommandOnly.execute(Lorg/gradle/launcher/daemon/server/api/DaemonCommandExecution;)V+49
j  org.gradle.launcher.daemon.server.api.DaemonCommandExecution.proceed()Z+23
j  org.gradle.launcher.daemon.server.exec.WatchForDisconnection.execute(Lorg/gradle/launcher/daemon/server/api/DaemonCommandExecution;)V+19
j  org.gradle.launcher.daemon.server.api.DaemonCommandExecution.proceed()Z+23
j  org.gradle.launcher.daemon.server.exec.ResetDeprecationLogger.execute(Lorg/gradle/launcher/daemon/server/api/DaemonCommandExecution;)V+7
j  org.gradle.launcher.daemon.server.api.DaemonCommandExecution.proceed()Z+23
j  org.gradle.launcher.daemon.server.exec.RequestStopIfSingleUsedDaemon.execute(Lorg/gradle/launcher/daemon/server/api/DaemonCommandExecution;)V+33
j  org.gradle.launcher.daemon.server.api.DaemonCommandExecution.proceed()Z+23
j  org.gradle.launcher.daemon.server.exec.ForwardClientInput$2.create()Ljava/lang/Void;+4
j  org.gradle.launcher.daemon.server.exec.ForwardClientInput$2.create()Ljava/lang/Object;+1
j  org.gradle.util.internal.Swapper.swap(Ljava/lang/Object;Lorg/gradle/internal/Factory;)Ljava/lang/Object;+21
j  org.gradle.launcher.daemon.server.exec.ForwardClientInput.execute(Lorg/gradle/launcher/daemon/server/api/DaemonCommandExecution;)V+63
j  org.gradle.launcher.daemon.server.api.DaemonCommandExecution.proceed()Z+23
j  org.gradle.launcher.daemon.server.exec.LogAndCheckHealth.execute(Lorg/gradle/launcher/daemon/server/api/DaemonCommandExecution;)V+51
j  org.gradle.launcher.daemon.server.api.DaemonCommandExecution.proceed()Z+23
j  org.gradle.launcher.daemon.server.exec.LogToClient.doBuild(Lorg/gradle/launcher/daemon/server/api/DaemonCommandExecution;Lorg/gradle/launcher/daemon/protocol/Build;)V+87
j  org.gradle.launcher.daemon.server.exec.BuildCommandOnly.execute(Lorg/gradle/launcher/daemon/server/api/DaemonCommandExecution;)V+49
j  org.gradle.launcher.daemon.server.api.DaemonCommandExecution.proceed()Z+23
j  org.gradle.launcher.daemon.server.exec.EstablishBuildEnvironment.doBuild(Lorg/gradle/launcher/daemon/server/api/DaemonCommandExecution;Lorg/gradle/launcher/daemon/protocol/Build;)V+356
j  org.gradle.launcher.daemon.server.exec.BuildCommandOnly.execute(Lorg/gradle/launcher/daemon/server/api/DaemonCommandExecution;)V+49
j  org.gradle.launcher.daemon.server.api.DaemonCommandExecution.proceed()Z+23
j  org.gradle.launcher.daemon.server.exec.StartBuildOrRespondWithBusy$1.run()V+44
j  org.gradle.launcher.daemon.server.DaemonStateCoordinator$1.run()V+4
j  org.gradle.internal.concurrent.ExecutorPolicy$CatchAndRecordFailures.onExecute(Ljava/lang/Runnable;)V+1
j  org.gradle.internal.concurrent.AbstractManagedExecutor$1.run()V+25
j  java.util.concurrent.ThreadPoolExecutor.runWorker(Ljava/util/concurrent/ThreadPoolExecutor$Worker;)V+92 java.base@17.0.7
j  java.util.concurrent.ThreadPoolExecutor$Worker.run()V+5 java.base@17.0.7
j  java.lang.Thread.run()V+11 java.base@17.0.7
v  ~StubRoutines::call_stub

---------------  P R O C E S S  ---------------

Threads class SMR info:
_java_thread_list=0x00000226ef127f40, length=22, elements={
0x00000226cfe7e990, 0x00000226ee013020, 0x00000226ee017be0, 0x00000226ee02ff70,
0x00000226ee032940, 0x00000226ee0334f0, 0x00000226ee035eb0, 0x00000226ee036b90,
0x00000226ee037580, 0x00000226ee037f70, 0x00000226ee18abf0, 0x00000226ee27c5e0,
0x00000226ef0e3350, 0x00000226ef697610, 0x00000226ef7bb2f0, 0x00000226ef75e850,
0x00000226ef748840, 0x00000226ef5a8020, 0x00000226ef5a84f0, 0x00000226f00589c0,
0x00000226f005a1d0, 0x00000226f005a6a0
}

Java Threads: ( => current thread )
  0x00000226cfe7e990 JavaThread "main" [_thread_blocked, id=8700, stack(0x000000e31c300000,0x000000e31c400000)]
  0x00000226ee013020 JavaThread "Reference Handler" daemon [_thread_blocked, id=13396, stack(0x000000e31ca00000,0x000000e31cb00000)]
  0x00000226ee017be0 JavaThread "Finalizer" daemon [_thread_blocked, id=8088, stack(0x000000e31cb00000,0x000000e31cc00000)]
  0x00000226ee02ff70 JavaThread "Signal Dispatcher" daemon [_thread_blocked, id=14760, stack(0x000000e31cc00000,0x000000e31cd00000)]
  0x00000226ee032940 JavaThread "Attach Listener" daemon [_thread_blocked, id=5724, stack(0x000000e31cd00000,0x000000e31ce00000)]
  0x00000226ee0334f0 JavaThread "Service Thread" daemon [_thread_blocked, id=5424, stack(0x000000e31ce00000,0x000000e31cf00000)]
  0x00000226ee035eb0 JavaThread "Monitor Deflation Thread" daemon [_thread_blocked, id=9024, stack(0x000000e31cf00000,0x000000e31d000000)]
  0x00000226ee036b90 JavaThread "C2 CompilerThread0" daemon [_thread_blocked, id=16964, stack(0x000000e31d000000,0x000000e31d100000)]
  0x00000226ee037580 JavaThread "C1 CompilerThread0" daemon [_thread_blocked, id=11288, stack(0x000000e31d100000,0x000000e31d200000)]
  0x00000226ee037f70 JavaThread "Sweeper thread" daemon [_thread_blocked, id=12484, stack(0x000000e31d200000,0x000000e31d300000)]
  0x00000226ee18abf0 JavaThread "Common-Cleaner" daemon [_thread_blocked, id=14672, stack(0x000000e31d300000,0x000000e31d400000)]
  0x00000226ee27c5e0 JavaThread "Notification Thread" daemon [_thread_blocked, id=15700, stack(0x000000e31d400000,0x000000e31d500000)]
  0x00000226ef0e3350 JavaThread "Daemon health stats" [_thread_blocked, id=16368, stack(0x000000e31da00000,0x000000e31db00000)]
  0x00000226ef697610 JavaThread "Incoming local TCP Connector on port 52754" [_thread_in_native, id=13884, stack(0x000000e31db00000,0x000000e31dc00000)]
  0x00000226ef7bb2f0 JavaThread "Daemon periodic checks" [_thread_blocked, id=9356, stack(0x000000e31dc00000,0x000000e31dd00000)]
  0x00000226ef75e850 JavaThread "Daemon" [_thread_blocked, id=7556, stack(0x000000e31dd00000,0x000000e31de00000)]
  0x00000226ef748840 JavaThread "Handler for socket connection from /127.0.0.1:52754 to /127.0.0.1:52755" [_thread_in_native, id=10236, stack(0x000000e31de00000,0x000000e31df00000)]
  0x00000226ef5a8020 JavaThread "Cancel handler" [_thread_blocked, id=14364, stack(0x000000e31df00000,0x000000e31e000000)]
=>0x00000226ef5a84f0 JavaThread "Daemon worker" [_thread_in_vm, id=1648, stack(0x000000e31e000000,0x000000e31e100000)]
  0x00000226f00589c0 JavaThread "Asynchronous log dispatcher for DefaultDaemonConnection: socket connection from /127.0.0.1:52754 to /127.0.0.1:52755" [_thread_blocked, id=19020, stack(0x000000e31e100000,0x000000e31e200000)]
  0x00000226f005a1d0 JavaThread "Stdin handler" [_thread_blocked, id=7596, stack(0x000000e31e200000,0x000000e31e300000)]
  0x00000226f005a6a0 JavaThread "Daemon client event forwarder" [_thread_blocked, id=9252, stack(0x000000e31e300000,0x000000e31e400000)]

Other Threads:
  0x00000226e9c9c360 VMThread "VM Thread" [stack: 0x000000e31c900000,0x000000e31ca00000] [id=6296] _threads_hazard_ptr=0x00000226ef127f40
  0x00000226cfe7f800 WatcherThread [stack: 0x000000e31d500000,0x000000e31d600000] [id=9580]
  0x00000226cfedc5a0 GCTaskThread "GC Thread#0" [stack: 0x000000e31c400000,0x000000e31c500000] [id=14400]
  0x00000226ee644240 GCTaskThread "GC Thread#1" [stack: 0x000000e31d600000,0x000000e31d700000] [id=19028]
  0x00000226ee3c9b30 GCTaskThread "GC Thread#2" [stack: 0x000000e31d700000,0x000000e31d800000] [id=17768]
  0x00000226ee667cf0 GCTaskThread "GC Thread#3" [stack: 0x000000e31d800000,0x000000e31d900000] [id=17620]
  0x00000226eeb7d330 GCTaskThread "GC Thread#4" [stack: 0x000000e31d900000,0x000000e31da00000] [id=892]
  0x00000226cfeed4e0 ConcurrentGCThread "G1 Main Marker" [stack: 0x000000e31c500000,0x000000e31c600000] [id=12900]
  0x00000226cfeedef0 ConcurrentGCThread "G1 Conc#0" [stack: 0x000000e31c600000,0x000000e31c700000] [id=11828]
  0x00000226cff3d490 ConcurrentGCThread "G1 Refine#0" [stack: 0x000000e31c700000,0x000000e31c800000] [id=7624]
  0x00000226cff3deb0 ConcurrentGCThread "G1 Service" [stack: 0x000000e31c800000,0x000000e31c900000] [id=5216]

Threads with active compile tasks:

VM state: synchronizing (normal execution)

VM Mutex/Monitor currently owned by a thread:  ([mutex/lock_event])
[0x00000226cde0c090] Metaspace_lock - owner thread: 0x00000226ef5a84f0
[0x00000226cfe7aea0] Threads_lock - owner thread: 0x00000226e9c9c360

Heap address: 0x0000000080000000, size: 2048 MB, Compressed Oops mode: 32-bit

CDS archive(s) not mapped
Compressed class space mapped at: 0x0000000100000000-0x0000000140000000, reserved size: 1073741824
Narrow klass base: 0x0000000000000000, Narrow klass shift: 3, Narrow klass range: 0x140000000

GC Precious Log:
 CPUs: 8 total, 8 available
 Memory: 7987M
 Large Page Support: Disabled
 NUMA Support: Disabled
 Compressed Oops: Enabled (32-bit)
 Heap Region Size: 1M
 Heap Min Capacity: 8M
 Heap Initial Capacity: 126M
 Heap Max Capacity: 2G
 Pre-touch: Disabled
 Parallel Workers: 8
 Concurrent Workers: 2
 Concurrent Refinement Workers: 8
 Periodic GC: Disabled

Heap:
 garbage-first heap   total 129024K, used 47951K [0x0000000080000000, 0x0000000100000000)
  region size 1024K, 39 young (39936K), 3 survivors (3072K)
 Metaspace       used 19461K, committed 19648K, reserved 1114112K
  class space    used 2297K, committed 2368K, reserved 1048576K

Heap Regions: E=young(eden), S=young(survivor), O=old, HS=humongous(starts), HC=humongous(continues), CS=collection set, F=free, OA=open archive, CA=closed archive, TAMS=top-at-mark-start (previous, next)
|   0|0x0000000080000000, 0x0000000080100000, 0x0000000080100000|100%|HS|  |TAMS 0x0000000080000000, 0x0000000080000000| Complete 
|   1|0x0000000080100000, 0x0000000080200000, 0x0000000080200000|100%|HC|  |TAMS 0x0000000080100000, 0x0000000080100000| Complete 
|   2|0x0000000080200000, 0x0000000080300000, 0x0000000080300000|100%|HC|  |TAMS 0x0000000080200000, 0x0000000080200000| Complete 
|   3|0x0000000080300000, 0x0000000080400000, 0x0000000080400000|100%|HC|  |TAMS 0x0000000080300000, 0x0000000080300000| Complete 
|   4|0x0000000080400000, 0x0000000080500000, 0x0000000080500000|100%| O|  |TAMS 0x0000000080400000, 0x0000000080400000| Untracked 
|   5|0x0000000080500000, 0x0000000080600000, 0x0000000080600000|100%| O|  |TAMS 0x0000000080500000, 0x0000000080500000| Untracked 
|   6|0x0000000080600000, 0x0000000080700000, 0x0000000080700000|100%| O|  |TAMS 0x0000000080600000, 0x0000000080600000| Untracked 
|   7|0x0000000080700000, 0x0000000080800000, 0x0000000080800000|100%| O|  |TAMS 0x0000000080700000, 0x0000000080700000| Untracked 
|   8|0x0000000080800000, 0x0000000080800000, 0x0000000080900000|  0%| F|  |TAMS 0x0000000080800000, 0x0000000080800000| Untracked 
|   9|0x0000000080900000, 0x0000000080a00000, 0x0000000080a00000|100%| O|  |TAMS 0x0000000080900000, 0x0000000080900000| Untracked 
|  10|0x0000000080a00000, 0x0000000080b00000, 0x0000000080b00000|100%| O|  |TAMS 0x0000000080a00000, 0x0000000080a00000| Untracked 
|  11|0x0000000080b00000, 0x0000000080b4ba00, 0x0000000080c00000| 29%| O|  |TAMS 0x0000000080b00000, 0x0000000080b00000| Untracked 
|  12|0x0000000080c00000, 0x0000000080c00000, 0x0000000080d00000|  0%| F|  |TAMS 0x0000000080c00000, 0x0000000080c00000| Untracked 
|  13|0x0000000080d00000, 0x0000000080d00000, 0x0000000080e00000|  0%| F|  |TAMS 0x0000000080d00000, 0x0000000080d00000| Untracked 
|  14|0x0000000080e00000, 0x0000000080e00000, 0x0000000080f00000|  0%| F|  |TAMS 0x0000000080e00000, 0x0000000080e00000| Untracked 
|  15|0x0000000080f00000, 0x0000000080f00000, 0x0000000081000000|  0%| F|  |TAMS 0x0000000080f00000, 0x0000000080f00000| Untracked 
|  16|0x0000000081000000, 0x0000000081000000, 0x0000000081100000|  0%| F|  |TAMS 0x0000000081000000, 0x0000000081000000| Untracked 
|  17|0x0000000081100000, 0x0000000081100000, 0x0000000081200000|  0%| F|  |TAMS 0x0000000081100000, 0x0000000081100000| Untracked 
|  18|0x0000000081200000, 0x0000000081200000, 0x0000000081300000|  0%| F|  |TAMS 0x0000000081200000, 0x0000000081200000| Untracked 
|  19|0x0000000081300000, 0x0000000081300000, 0x0000000081400000|  0%| F|  |TAMS 0x0000000081300000, 0x0000000081300000| Untracked 
|  20|0x0000000081400000, 0x0000000081400000, 0x0000000081500000|  0%| F|  |TAMS 0x0000000081400000, 0x0000000081400000| Untracked 
|  21|0x0000000081500000, 0x0000000081500000, 0x0000000081600000|  0%| F|  |TAMS 0x0000000081500000, 0x0000000081500000| Untracked 
|  22|0x0000000081600000, 0x0000000081600000, 0x0000000081700000|  0%| F|  |TAMS 0x0000000081600000, 0x0000000081600000| Untracked 
|  23|0x0000000081700000, 0x0000000081700000, 0x0000000081800000|  0%| F|  |TAMS 0x0000000081700000, 0x0000000081700000| Untracked 
|  24|0x0000000081800000, 0x0000000081800000, 0x0000000081900000|  0%| F|  |TAMS 0x0000000081800000, 0x0000000081800000| Untracked 
|  25|0x0000000081900000, 0x0000000081900000, 0x0000000081a00000|  0%| F|  |TAMS 0x0000000081900000, 0x0000000081900000| Untracked 
|  26|0x0000000081a00000, 0x0000000081a00000, 0x0000000081b00000|  0%| F|  |TAMS 0x0000000081a00000, 0x0000000081a00000| Untracked 
|  27|0x0000000081b00000, 0x0000000081b00000, 0x0000000081c00000|  0%| F|  |TAMS 0x0000000081b00000, 0x0000000081b00000| Untracked 
|  28|0x0000000081c00000, 0x0000000081c00000, 0x0000000081d00000|  0%| F|  |TAMS 0x0000000081c00000, 0x0000000081c00000| Untracked 
|  29|0x0000000081d00000, 0x0000000081d00000, 0x0000000081e00000|  0%| F|  |TAMS 0x0000000081d00000, 0x0000000081d00000| Untracked 
|  30|0x0000000081e00000, 0x0000000081e00000, 0x0000000081f00000|  0%| F|  |TAMS 0x0000000081e00000, 0x0000000081e00000| Untracked 
|  31|0x0000000081f00000, 0x0000000081f00000, 0x0000000082000000|  0%| F|  |TAMS 0x0000000081f00000, 0x0000000081f00000| Untracked 
|  32|0x0000000082000000, 0x0000000082000000, 0x0000000082100000|  0%| F|  |TAMS 0x0000000082000000, 0x0000000082000000| Untracked 
|  33|0x0000000082100000, 0x0000000082100000, 0x0000000082200000|  0%| F|  |TAMS 0x0000000082100000, 0x0000000082100000| Untracked 
|  34|0x0000000082200000, 0x0000000082200000, 0x0000000082300000|  0%| F|  |TAMS 0x0000000082200000, 0x0000000082200000| Untracked 
|  35|0x0000000082300000, 0x0000000082300000, 0x0000000082400000|  0%| F|  |TAMS 0x0000000082300000, 0x0000000082300000| Untracked 
|  36|0x0000000082400000, 0x0000000082400000, 0x0000000082500000|  0%| F|  |TAMS 0x0000000082400000, 0x0000000082400000| Untracked 
|  37|0x0000000082500000, 0x0000000082500000, 0x0000000082600000|  0%| F|  |TAMS 0x0000000082500000, 0x0000000082500000| Untracked 
|  38|0x0000000082600000, 0x0000000082600000, 0x0000000082700000|  0%| F|  |TAMS 0x0000000082600000, 0x0000000082600000| Untracked 
|  39|0x0000000082700000, 0x0000000082700000, 0x0000000082800000|  0%| F|  |TAMS 0x0000000082700000, 0x0000000082700000| Untracked 
|  40|0x0000000082800000, 0x0000000082800000, 0x0000000082900000|  0%| F|  |TAMS 0x0000000082800000, 0x0000000082800000| Untracked 
|  41|0x0000000082900000, 0x0000000082900000, 0x0000000082a00000|  0%| F|  |TAMS 0x0000000082900000, 0x0000000082900000| Untracked 
|  42|0x0000000082a00000, 0x0000000082a00000, 0x0000000082b00000|  0%| F|  |TAMS 0x0000000082a00000, 0x0000000082a00000| Untracked 
|  43|0x0000000082b00000, 0x0000000082b00000, 0x0000000082c00000|  0%| F|  |TAMS 0x0000000082b00000, 0x0000000082b00000| Untracked 
|  44|0x0000000082c00000, 0x0000000082c00000, 0x0000000082d00000|  0%| F|  |TAMS 0x0000000082c00000, 0x0000000082c00000| Untracked 
|  45|0x0000000082d00000, 0x0000000082d00000, 0x0000000082e00000|  0%| F|  |TAMS 0x0000000082d00000, 0x0000000082d00000| Untracked 
|  46|0x0000000082e00000, 0x0000000082e00000, 0x0000000082f00000|  0%| F|  |TAMS 0x0000000082e00000, 0x0000000082e00000| Untracked 
|  47|0x0000000082f00000, 0x0000000082f00000, 0x0000000083000000|  0%| F|  |TAMS 0x0000000082f00000, 0x0000000082f00000| Untracked 
|  48|0x0000000083000000, 0x0000000083000000, 0x0000000083100000|  0%| F|  |TAMS 0x0000000083000000, 0x0000000083000000| Untracked 
|  49|0x0000000083100000, 0x0000000083100000, 0x0000000083200000|  0%| F|  |TAMS 0x0000000083100000, 0x0000000083100000| Untracked 
|  50|0x0000000083200000, 0x0000000083200000, 0x0000000083300000|  0%| F|  |TAMS 0x0000000083200000, 0x0000000083200000| Untracked 
|  51|0x0000000083300000, 0x0000000083300000, 0x0000000083400000|  0%| F|  |TAMS 0x0000000083300000, 0x0000000083300000| Untracked 
|  52|0x0000000083400000, 0x0000000083400000, 0x0000000083500000|  0%| F|  |TAMS 0x0000000083400000, 0x0000000083400000| Untracked 
|  53|0x0000000083500000, 0x0000000083500000, 0x0000000083600000|  0%| F|  |TAMS 0x0000000083500000, 0x0000000083500000| Untracked 
|  54|0x0000000083600000, 0x0000000083600000, 0x0000000083700000|  0%| F|  |TAMS 0x0000000083600000, 0x0000000083600000| Untracked 
|  55|0x0000000083700000, 0x0000000083700000, 0x0000000083800000|  0%| F|  |TAMS 0x0000000083700000, 0x0000000083700000| Untracked 
|  56|0x0000000083800000, 0x0000000083800000, 0x0000000083900000|  0%| F|  |TAMS 0x0000000083800000, 0x0000000083800000| Untracked 
|  57|0x0000000083900000, 0x0000000083900000, 0x0000000083a00000|  0%| F|  |TAMS 0x0000000083900000, 0x0000000083900000| Untracked 
|  58|0x0000000083a00000, 0x0000000083a00000, 0x0000000083b00000|  0%| F|  |TAMS 0x0000000083a00000, 0x0000000083a00000| Untracked 
|  59|0x0000000083b00000, 0x0000000083b00000, 0x0000000083c00000|  0%| F|  |TAMS 0x0000000083b00000, 0x0000000083b00000| Untracked 
|  60|0x0000000083c00000, 0x0000000083c00000, 0x0000000083d00000|  0%| F|  |TAMS 0x0000000083c00000, 0x0000000083c00000| Untracked 
|  61|0x0000000083d00000, 0x0000000083d00000, 0x0000000083e00000|  0%| F|  |TAMS 0x0000000083d00000, 0x0000000083d00000| Untracked 
|  62|0x0000000083e00000, 0x0000000083e00000, 0x0000000083f00000|  0%| F|  |TAMS 0x0000000083e00000, 0x0000000083e00000| Untracked 
|  63|0x0000000083f00000, 0x0000000083f00000, 0x0000000084000000|  0%| F|  |TAMS 0x0000000083f00000, 0x0000000083f00000| Untracked 
|  64|0x0000000084000000, 0x0000000084000000, 0x0000000084100000|  0%| F|  |TAMS 0x0000000084000000, 0x0000000084000000| Untracked 
|  65|0x0000000084100000, 0x0000000084100000, 0x0000000084200000|  0%| F|  |TAMS 0x0000000084100000, 0x0000000084100000| Untracked 
|  66|0x0000000084200000, 0x0000000084200000, 0x0000000084300000|  0%| F|  |TAMS 0x0000000084200000, 0x0000000084200000| Untracked 
|  67|0x0000000084300000, 0x0000000084300000, 0x0000000084400000|  0%| F|  |TAMS 0x0000000084300000, 0x0000000084300000| Untracked 
|  68|0x0000000084400000, 0x0000000084400000, 0x0000000084500000|  0%| F|  |TAMS 0x0000000084400000, 0x0000000084400000| Untracked 
|  69|0x0000000084500000, 0x0000000084500000, 0x0000000084600000|  0%| F|  |TAMS 0x0000000084500000, 0x0000000084500000| Untracked 
|  70|0x0000000084600000, 0x0000000084600000, 0x0000000084700000|  0%| F|  |TAMS 0x0000000084600000, 0x0000000084600000| Untracked 
|  71|0x0000000084700000, 0x0000000084700000, 0x0000000084800000|  0%| F|  |TAMS 0x0000000084700000, 0x0000000084700000| Untracked 
|  72|0x0000000084800000, 0x0000000084800000, 0x0000000084900000|  0%| F|  |TAMS 0x0000000084800000, 0x0000000084800000| Untracked 
|  73|0x0000000084900000, 0x0000000084900000, 0x0000000084a00000|  0%| F|  |TAMS 0x0000000084900000, 0x0000000084900000| Untracked 
|  74|0x0000000084a00000, 0x0000000084a00000, 0x0000000084b00000|  0%| F|  |TAMS 0x0000000084a00000, 0x0000000084a00000| Untracked 
|  75|0x0000000084b00000, 0x0000000084b00000, 0x0000000084c00000|  0%| F|  |TAMS 0x0000000084b00000, 0x0000000084b00000| Untracked 
|  76|0x0000000084c00000, 0x0000000084c00000, 0x0000000084d00000|  0%| F|  |TAMS 0x0000000084c00000, 0x0000000084c00000| Untracked 
|  77|0x0000000084d00000, 0x0000000084d00000, 0x0000000084e00000|  0%| F|  |TAMS 0x0000000084d00000, 0x0000000084d00000| Untracked 
|  78|0x0000000084e00000, 0x0000000084e00000, 0x0000000084f00000|  0%| F|  |TAMS 0x0000000084e00000, 0x0000000084e00000| Untracked 
|  79|0x0000000084f00000, 0x0000000084f00000, 0x0000000085000000|  0%| F|  |TAMS 0x0000000084f00000, 0x0000000084f00000| Untracked 
|  80|0x0000000085000000, 0x0000000085000000, 0x0000000085100000|  0%| F|  |TAMS 0x0000000085000000, 0x0000000085000000| Untracked 
|  81|0x0000000085100000, 0x0000000085100000, 0x0000000085200000|  0%| F|  |TAMS 0x0000000085100000, 0x0000000085100000| Untracked 
|  82|0x0000000085200000, 0x0000000085200000, 0x0000000085300000|  0%| F|  |TAMS 0x0000000085200000, 0x0000000085200000| Untracked 
|  83|0x0000000085300000, 0x0000000085300000, 0x0000000085400000|  0%| F|  |TAMS 0x0000000085300000, 0x0000000085300000| Untracked 
|  84|0x0000000085400000, 0x0000000085400000, 0x0000000085500000|  0%| F|  |TAMS 0x0000000085400000, 0x0000000085400000| Untracked 
|  85|0x0000000085500000, 0x0000000085500000, 0x0000000085600000|  0%| F|  |TAMS 0x0000000085500000, 0x0000000085500000| Untracked 
|  86|0x0000000085600000, 0x0000000085600000, 0x0000000085700000|  0%| F|  |TAMS 0x0000000085600000, 0x0000000085600000| Untracked 
|  87|0x0000000085700000, 0x0000000085700800, 0x0000000085800000|  0%| E|  |TAMS 0x0000000085700000, 0x0000000085700000| Complete 
|  88|0x0000000085800000, 0x0000000085900000, 0x0000000085900000|100%| E|CS|TAMS 0x0000000085800000, 0x0000000085800000| Complete 
|  89|0x0000000085900000, 0x0000000085a00000, 0x0000000085a00000|100%| E|CS|TAMS 0x0000000085900000, 0x0000000085900000| Complete 
|  90|0x0000000085a00000, 0x0000000085b00000, 0x0000000085b00000|100%| E|CS|TAMS 0x0000000085a00000, 0x0000000085a00000| Complete 
|  91|0x0000000085b00000, 0x0000000085c00000, 0x0000000085c00000|100%| E|CS|TAMS 0x0000000085b00000, 0x0000000085b00000| Complete 
|  92|0x0000000085c00000, 0x0000000085c885b8, 0x0000000085d00000| 53%| S|CS|TAMS 0x0000000085c00000, 0x0000000085c00000| Complete 
|  93|0x0000000085d00000, 0x0000000085e00000, 0x0000000085e00000|100%| S|CS|TAMS 0x0000000085d00000, 0x0000000085d00000| Complete 
|  94|0x0000000085e00000, 0x0000000085f00000, 0x0000000085f00000|100%| S|CS|TAMS 0x0000000085e00000, 0x0000000085e00000| Complete 
|  95|0x0000000085f00000, 0x0000000086000000, 0x0000000086000000|100%| E|CS|TAMS 0x0000000085f00000, 0x0000000085f00000| Complete 
|  96|0x0000000086000000, 0x0000000086100000, 0x0000000086100000|100%| E|CS|TAMS 0x0000000086000000, 0x0000000086000000| Complete 
|  97|0x0000000086100000, 0x0000000086200000, 0x0000000086200000|100%| E|CS|TAMS 0x0000000086100000, 0x0000000086100000| Complete 
|  98|0x0000000086200000, 0x0000000086300000, 0x0000000086300000|100%| E|CS|TAMS 0x0000000086200000, 0x0000000086200000| Complete 
|  99|0x0000000086300000, 0x0000000086400000, 0x0000000086400000|100%| E|CS|TAMS 0x0000000086300000, 0x0000000086300000| Complete 
| 100|0x0000000086400000, 0x0000000086500000, 0x0000000086500000|100%| E|CS|TAMS 0x0000000086400000, 0x0000000086400000| Complete 
| 101|0x0000000086500000, 0x0000000086600000, 0x0000000086600000|100%| E|CS|TAMS 0x0000000086500000, 0x0000000086500000| Complete 
| 102|0x0000000086600000, 0x0000000086700000, 0x0000000086700000|100%| E|CS|TAMS 0x0000000086600000, 0x0000000086600000| Complete 
| 103|0x0000000086700000, 0x0000000086800000, 0x0000000086800000|100%| E|CS|TAMS 0x0000000086700000, 0x0000000086700000| Complete 
| 104|0x0000000086800000, 0x0000000086900000, 0x0000000086900000|100%| E|CS|TAMS 0x0000000086800000, 0x0000000086800000| Complete 
| 105|0x0000000086900000, 0x0000000086a00000, 0x0000000086a00000|100%| E|CS|TAMS 0x0000000086900000, 0x0000000086900000| Complete 
| 106|0x0000000086a00000, 0x0000000086b00000, 0x0000000086b00000|100%| E|CS|TAMS 0x0000000086a00000, 0x0000000086a00000| Complete 
| 107|0x0000000086b00000, 0x0000000086c00000, 0x0000000086c00000|100%| E|CS|TAMS 0x0000000086b00000, 0x0000000086b00000| Complete 
| 108|0x0000000086c00000, 0x0000000086d00000, 0x0000000086d00000|100%| E|CS|TAMS 0x0000000086c00000, 0x0000000086c00000| Complete 
| 109|0x0000000086d00000, 0x0000000086e00000, 0x0000000086e00000|100%| E|CS|TAMS 0x0000000086d00000, 0x0000000086d00000| Complete 
| 110|0x0000000086e00000, 0x0000000086f00000, 0x0000000086f00000|100%| E|CS|TAMS 0x0000000086e00000, 0x0000000086e00000| Complete 
| 111|0x0000000086f00000, 0x0000000087000000, 0x0000000087000000|100%| E|CS|TAMS 0x0000000086f00000, 0x0000000086f00000| Complete 
| 112|0x0000000087000000, 0x0000000087100000, 0x0000000087100000|100%| E|CS|TAMS 0x0000000087000000, 0x0000000087000000| Complete 
| 113|0x0000000087100000, 0x0000000087200000, 0x0000000087200000|100%| E|CS|TAMS 0x0000000087100000, 0x0000000087100000| Complete 
| 114|0x0000000087200000, 0x0000000087300000, 0x0000000087300000|100%| E|CS|TAMS 0x0000000087200000, 0x0000000087200000| Complete 
| 115|0x0000000087300000, 0x0000000087400000, 0x0000000087400000|100%| E|CS|TAMS 0x0000000087300000, 0x0000000087300000| Complete 
| 116|0x0000000087400000, 0x0000000087500000, 0x0000000087500000|100%| E|CS|TAMS 0x0000000087400000, 0x0000000087400000| Complete 
| 117|0x0000000087500000, 0x0000000087600000, 0x0000000087600000|100%| E|CS|TAMS 0x0000000087500000, 0x0000000087500000| Complete 
| 118|0x0000000087600000, 0x0000000087700000, 0x0000000087700000|100%| E|CS|TAMS 0x0000000087600000, 0x0000000087600000| Complete 
| 119|0x0000000087700000, 0x0000000087800000, 0x0000000087800000|100%| E|CS|TAMS 0x0000000087700000, 0x0000000087700000| Complete 
| 120|0x0000000087800000, 0x0000000087900000, 0x0000000087900000|100%| E|CS|TAMS 0x0000000087800000, 0x0000000087800000| Complete 
| 121|0x0000000087900000, 0x0000000087a00000, 0x0000000087a00000|100%| E|CS|TAMS 0x0000000087900000, 0x0000000087900000| Complete 
| 122|0x0000000087a00000, 0x0000000087b00000, 0x0000000087b00000|100%| E|CS|TAMS 0x0000000087a00000, 0x0000000087a00000| Complete 
| 123|0x0000000087b00000, 0x0000000087c00000, 0x0000000087c00000|100%| E|CS|TAMS 0x0000000087b00000, 0x0000000087b00000| Complete 
| 124|0x0000000087c00000, 0x0000000087d00000, 0x0000000087d00000|100%| E|CS|TAMS 0x0000000087c00000, 0x0000000087c00000| Complete 
| 125|0x0000000087d00000, 0x0000000087e00000, 0x0000000087e00000|100%| E|  |TAMS 0x0000000087d00000, 0x0000000087d00000| Complete 

Card table byte_map: [0x00000226e2a80000,0x00000226e2e80000] _byte_map_base: 0x00000226e2680000

Marking Bits (Prev, Next): (CMBitMap*) 0x00000226cfedcbb0, (CMBitMap*) 0x00000226cfedcbf0
 Prev Bits: [0x00000226e3280000, 0x00000226e5280000)
 Next Bits: [0x00000226e5280000, 0x00000226e7280000)

Polling page: 0x00000226cde80000

Metaspace:

Usage:
  Non-class:     16.76 MB used.
      Class:      2.24 MB used.
       Both:     19.01 MB used.

Virtual space:
  Non-class space:       64.00 MB reserved,      16.88 MB ( 26%) committed,  1 nodes.
      Class space:        1.00 GB reserved,       2.31 MB ( <1%) committed,  1 nodes.
             Both:        1.06 GB reserved,      19.19 MB (  2%) committed. 

Chunk freelists:
   Non-Class:  14.98 MB
       Class:  13.69 MB
        Both:  28.67 MB

MaxMetaspaceSize: unlimited
CompressedClassSpaceSize: 1.00 GB
Initial GC threshold: 21.00 MB
Current GC threshold: 21.00 MB
CDS: off
MetaspaceReclaimPolicy: balanced
 - commit_granule_bytes: 65536.
 - commit_granule_words: 8192.
 - virtual_space_node_default_size: 8388608.
 - enlarge_chunks_in_place: 1.
 - new_chunks_are_fully_committed: 0.
 - uncommit_free_chunks: 1.
 - use_allocation_guard: 0.
 - handle_deallocations: 1.


Internal statistics:

num_allocs_failed_limit: 0.
num_arena_births: 104.
num_arena_deaths: 0.
num_vsnodes_births: 2.
num_vsnodes_deaths: 0.
num_space_committed: 307.
num_space_uncommitted: 0.
num_chunks_returned_to_freelist: 0.
num_chunks_taken_from_freelist: 399.
num_chunk_merges: 0.
num_chunk_splits: 268.
num_chunks_enlarged: 206.
num_inconsistent_stats: 0.

CodeHeap 'non-profiled nmethods': size=120000Kb used=910Kb max_used=910Kb free=119089Kb
 bounds [0x00000226dae20000, 0x00000226db090000, 0x00000226e2350000]
CodeHeap 'profiled nmethods': size=120000Kb used=3655Kb max_used=3655Kb free=116344Kb
 bounds [0x00000226d3350000, 0x00000226d36f0000, 0x00000226da880000]
CodeHeap 'non-nmethods': size=5760Kb used=1209Kb max_used=1230Kb free=4550Kb
 bounds [0x00000226da880000, 0x00000226daaf0000, 0x00000226dae20000]
 total_blobs=2363 nmethods=1861 adapters=415
 compilation: enabled
              stopped_count=0, restarted_count=0
 full_count=0

Compilation events (20 events):
Event: 22.437 Thread 0x00000226ee037580 1849       3       java.lang.Enum::equals (11 bytes)
Event: 22.437 Thread 0x00000226ee037580 nmethod 1849 0x00000226d36dc590 code [0x00000226d36dc720, 0x00000226d36dc898]
Event: 22.437 Thread 0x00000226ee037580 1850       3       sun.invoke.util.VerifyAccess::isMemberAccessible (338 bytes)
Event: 22.438 Thread 0x00000226ee037580 nmethod 1850 0x00000226d36dc910 code [0x00000226d36dcca0, 0x00000226d36de048]
Event: 22.438 Thread 0x00000226ee037580 1851       3       org.gradle.internal.service.DefaultServiceRegistry$ClassInspector::getDetailsForClass (50 bytes)
Event: 22.438 Thread 0x00000226ee037580 nmethod 1851 0x00000226d36de590 code [0x00000226d36de760, 0x00000226d36dece8]
Event: 22.450 Thread 0x00000226ee036b90 1853       4       jdk.internal.org.objectweb.asm.SymbolTable::addConstantUtf8 (98 bytes)
Event: 22.469 Thread 0x00000226ee037580 1854       3       com.google.common.collect.Iterators::forArray (51 bytes)
Event: 22.470 Thread 0x00000226ee037580 nmethod 1854 0x00000226d36dee90 code [0x00000226d36df0c0, 0x00000226d36df898]
Event: 22.470 Thread 0x00000226ee037580 1855       3       com.google.common.base.Preconditions::checkArgument (13 bytes)
Event: 22.470 Thread 0x00000226ee037580 nmethod 1855 0x00000226d36dfc10 code [0x00000226d36dfdc0, 0x00000226d36dffa8]
Event: 22.471 Thread 0x00000226ee037580 1856       1       org.gradle.internal.service.DefaultServiceRegistry::access$400 (5 bytes)
Event: 22.471 Thread 0x00000226ee037580 nmethod 1856 0x00000226daf00b10 code [0x00000226daf00ca0, 0x00000226daf00d58]
Event: 22.476 Thread 0x00000226ee036b90 nmethod 1853 0x00000226daf00e10 code [0x00000226daf01000, 0x00000226daf027e8]
Event: 22.641 Thread 0x00000226ee037580 1857       3       java.lang.invoke.AbstractValidatingLambdaMetafactory::isAdaptableTo (126 bytes)
Event: 22.642 Thread 0x00000226ee037580 nmethod 1857 0x00000226d36e0090 code [0x00000226d36e0320, 0x00000226d36e0d68]
Event: 22.643 Thread 0x00000226ee036b90 1858       4       java.lang.ClassLoader::getClassLoadingLock (35 bytes)
Event: 22.644 Thread 0x00000226ee036b90 nmethod 1858 0x00000226daf03210 code [0x00000226daf033a0, 0x00000226daf034e8]
Event: 22.718 Thread 0x00000226ee037580 1859       1       java.util.concurrent.atomic.AtomicInteger::get (5 bytes)
Event: 22.718 Thread 0x00000226ee037580 nmethod 1859 0x00000226daf03610 code [0x00000226daf037a0, 0x00000226daf03878]

GC Heap History (4 events):
Event: 7.746 GC heap before
{Heap before GC invocations=0 (full 0):
 garbage-first heap   total 129024K, used 26624K [0x0000000080000000, 0x0000000100000000)
  region size 1024K, 23 young (23552K), 0 survivors (0K)
 Metaspace       used 10480K, committed 10624K, reserved 1114112K
  class space    used 1091K, committed 1152K, reserved 1048576K
}
Event: 7.751 GC heap after
{Heap after GC invocations=1 (full 0):
 garbage-first heap   total 129024K, used 10261K [0x0000000080000000, 0x0000000100000000)
  region size 1024K, 3 young (3072K), 3 survivors (3072K)
 Metaspace       used 10480K, committed 10624K, reserved 1114112K
  class space    used 1091K, committed 1152K, reserved 1048576K
}
Event: 13.978 GC heap before
{Heap before GC invocations=1 (full 0):
 garbage-first heap   total 129024K, used 39957K [0x0000000080000000, 0x0000000100000000)
  region size 1024K, 31 young (31744K), 3 survivors (3072K)
 Metaspace       used 11463K, committed 11648K, reserved 1114112K
  class space    used 1195K, committed 1280K, reserved 1048576K
}
Event: 13.982 GC heap after
{Heap after GC invocations=2 (full 0):
 garbage-first heap   total 129024K, used 13135K [0x0000000080000000, 0x0000000100000000)
  region size 1024K, 3 young (3072K), 3 survivors (3072K)
 Metaspace       used 11463K, committed 11648K, reserved 1114112K
  class space    used 1195K, committed 1280K, reserved 1048576K
}

Dll operation events (3 events):
Event: 0.008 Loaded shared library C:\Program Files\Android\Android Studio\jbr\bin\java.dll
Event: 0.121 Loaded shared library C:\Program Files\Android\Android Studio\jbr\bin\zip.dll
Event: 3.446 Loaded shared library C:\Program Files\Android\Android Studio\jbr\bin\verify.dll

Deoptimization events (20 events):
Event: 21.298 Thread 0x00000226ef697610 Uncommon trap: trap_request=0xffffffc6 fr.pc=0x00000226dae9d858 relative=0x0000000000000138
Event: 21.298 Thread 0x00000226ef697610 Uncommon trap: reason=bimorphic_or_optimized_type_check action=maybe_recompile pc=0x00000226dae9d858 method=java.util.AbstractList$Itr.next()Ljava/lang/Object; @ 14 c2
Event: 21.298 Thread 0x00000226ef697610 DEOPT PACKING pc=0x00000226dae9d858 sp=0x000000e31dbfdf40
Event: 21.298 Thread 0x00000226ef697610 DEOPT UNPACKING pc=0x00000226da8da1a3 sp=0x000000e31dbfded8 mode 2
Event: 21.398 Thread 0x00000226ef697610 Uncommon trap: trap_request=0xffffff45 fr.pc=0x00000226daea94a4 relative=0x0000000000001bc4
Event: 21.398 Thread 0x00000226ef697610 Uncommon trap: reason=unstable_if action=reinterpret pc=0x00000226daea94a4 method=sun.nio.fs.WindowsPathParser.normalize(Ljava/lang/StringBuilder;Ljava/lang/String;I)Ljava/lang/String; @ 121 c2
Event: 21.398 Thread 0x00000226ef697610 DEOPT PACKING pc=0x00000226daea94a4 sp=0x000000e31dbfe620
Event: 21.398 Thread 0x00000226ef697610 DEOPT UNPACKING pc=0x00000226da8da1a3 sp=0x000000e31dbfe618 mode 2
Event: 21.822 Thread 0x00000226ef748840 Uncommon trap: trap_request=0xffffff45 fr.pc=0x00000226dae3d0b8 relative=0x0000000000000198
Event: 21.822 Thread 0x00000226ef748840 Uncommon trap: reason=unstable_if action=reinterpret pc=0x00000226dae3d0b8 method=java.util.regex.Matcher.reset()Ljava/util/regex/Matcher; @ 47 c2
Event: 21.822 Thread 0x00000226ef748840 DEOPT PACKING pc=0x00000226dae3d0b8 sp=0x000000e31defdde0
Event: 21.822 Thread 0x00000226ef748840 DEOPT UNPACKING pc=0x00000226da8da1a3 sp=0x000000e31defdd68 mode 2
Event: 21.822 Thread 0x00000226ef748840 Uncommon trap: trap_request=0xffffff45 fr.pc=0x00000226dae3c858 relative=0x00000000000003f8
Event: 21.822 Thread 0x00000226ef748840 Uncommon trap: reason=unstable_if action=reinterpret pc=0x00000226dae3c858 method=java.util.regex.Matcher.match(II)Z @ 76 c2
Event: 21.822 Thread 0x00000226ef748840 DEOPT PACKING pc=0x00000226dae3c858 sp=0x000000e31defde10
Event: 21.822 Thread 0x00000226ef748840 DEOPT UNPACKING pc=0x00000226da8da1a3 sp=0x000000e31defdde0 mode 2
Event: 22.080 Thread 0x00000226ef5a84f0 Uncommon trap: trap_request=0xffffff45 fr.pc=0x00000226daecc414 relative=0x0000000000001274
Event: 22.080 Thread 0x00000226ef5a84f0 Uncommon trap: reason=unstable_if action=reinterpret pc=0x00000226daecc414 method=java.util.concurrent.ConcurrentHashMap.putVal(Ljava/lang/Object;Ljava/lang/Object;Z)Ljava/lang/Object; @ 256 c2
Event: 22.080 Thread 0x00000226ef5a84f0 DEOPT PACKING pc=0x00000226daecc414 sp=0x000000e31e0fe9f0
Event: 22.080 Thread 0x00000226ef5a84f0 DEOPT UNPACKING pc=0x00000226da8da1a3 sp=0x000000e31e0fe968 mode 2

Classes unloaded (0 events):
No events

Classes redefined (0 events):
No events

Internal exceptions (17 events):
Event: 0.696 Thread 0x00000226cfe7e990 Exception <a 'java/lang/NoSuchMethodError'{0x0000000087b88c20}: 'int java.lang.invoke.DirectMethodHandle$Holder.invokeStaticInit(java.lang.Object, java.lang.Object)'> (0x0000000087b88c20) 
thrown [s\src\hotspot\share\interpreter\linkResolver.cpp, line 771]
Event: 6.117 Thread 0x00000226cfe7e990 Exception <a 'java/lang/NoClassDefFoundError'{0x0000000086ed7390}: org/slf4j/impl/StaticMarkerBinder> (0x0000000086ed7390) 
thrown [s\src\hotspot\share\classfile\systemDictionary.cpp, line 245]
Event: 6.719 Thread 0x00000226cfe7e990 Exception <a 'java/lang/NoSuchMethodError'{0x0000000086b4a590}: 'java.lang.Object java.lang.invoke.DirectMethodHandle$Holder.invokeVirtual(java.lang.Object, java.lang.Object, java.lang.Object, java.lang.Object, java.lang.Object, java.lang.Object, java.lang.Object)'> (0x0000000086b4a590) 
thrown [s\src\hotspot\share\interpreter\linkResolver.cpp, line 771]
Event: 6.733 Thread 0x00000226cfe7e990 Exception <a 'java/lang/NoSuchMethodError'{0x0000000086b5c2b0}: 'java.lang.Object java.lang.invoke.Invokers$Holder.invoker(java.lang.Object, java.lang.Object, java.lang.Object)'> (0x0000000086b5c2b0) 
thrown [s\src\hotspot\share\interpreter\linkResolver.cpp, line 771]
Event: 6.736 Thread 0x00000226cfe7e990 Exception <a 'java/lang/NoSuchMethodError'{0x0000000086b654a8}: 'java.lang.Object java.lang.invoke.DirectMethodHandle$Holder.invokeStatic(java.lang.Object, java.lang.Object, int)'> (0x0000000086b654a8) 
thrown [s\src\hotspot\share\interpreter\linkResolver.cpp, line 771]
Event: 6.737 Thread 0x00000226cfe7e990 Exception <a 'java/lang/NoSuchMethodError'{0x0000000086b71290}: 'void java.lang.invoke.DelegatingMethodHandle$Holder.delegate(java.lang.Object, java.lang.Object, int, java.lang.Object)'> (0x0000000086b71290) 
thrown [s\src\hotspot\share\interpreter\linkResolver.cpp, line 771]
Event: 6.738 Thread 0x00000226cfe7e990 Exception <a 'java/lang/NoSuchMethodError'{0x0000000086b752c8}: 'int java.lang.invoke.DirectMethodHandle$Holder.invokeSpecial(java.lang.Object, java.lang.Object, java.lang.Object)'> (0x0000000086b752c8) 
thrown [s\src\hotspot\share\interpreter\linkResolver.cpp, line 771]
Event: 6.740 Thread 0x00000226cfe7e990 Exception <a 'java/lang/NoSuchMethodError'{0x0000000086b88e08}: 'java.lang.Object java.lang.invoke.Invokers$Holder.invokeExact_MT(java.lang.Object, java.lang.Object, java.lang.Object, java.lang.Object)'> (0x0000000086b88e08) 
thrown [s\src\hotspot\share\interpreter\linkResolver.cpp, line 771]
Event: 8.229 Thread 0x00000226cfe7e990 Exception <a 'java/lang/NoSuchMethodError'{0x0000000087af6dd0}: 'void java.lang.invoke.DirectMethodHandle$Holder.invokeInterface(java.lang.Object, java.lang.Object, java.lang.Object)'> (0x0000000087af6dd0) 
thrown [s\src\hotspot\share\interpreter\linkResolver.cpp, line 771]
Event: 19.757 Thread 0x00000226cfe7e990 Exception <a 'java/lang/NoSuchMethodError'{0x0000000086f4f570}: 'java.lang.Object java.lang.invoke.DirectMethodHandle$Holder.invokeStaticInit(java.lang.Object)'> (0x0000000086f4f570) 
thrown [s\src\hotspot\share\interpreter\linkResolver.cpp, line 771]
Event: 19.853 Thread 0x00000226cfe7e990 Exception <a 'java/lang/NoSuchMethodError'{0x0000000086fd8250}: 'java.lang.Object java.lang.invoke.DirectMethodHandle$Holder.invokeInterface(java.lang.Object, java.lang.Object)'> (0x0000000086fd8250) 
thrown [s\src\hotspot\share\interpreter\linkResolver.cpp, line 771]
Event: 20.233 Thread 0x00000226cfe7e990 Exception <a 'java/lang/NoSuchMethodError'{0x0000000086809808}: 'java.lang.Object java.lang.invoke.DirectMethodHandle$Holder.invokeStaticInit(java.lang.Object, int, int, int, int)'> (0x0000000086809808) 
thrown [s\src\hotspot\share\interpreter\linkResolver.cpp, line 771]
Event: 20.284 Thread 0x00000226cfe7e990 Exception <a 'java/lang/NoSuchMethodError'{0x000000008687b178}: 'java.lang.Object java.lang.invoke.DirectMethodHandle$Holder.invokeStaticInit(java.lang.Object, java.lang.Object, int, int, int, int)'> (0x000000008687b178) 
thrown [s\src\hotspot\share\interpreter\linkResolver.cpp, line 771]
Event: 20.543 Thread 0x00000226cfe7e990 Exception <a 'java/lang/NoSuchMethodError'{0x00000000866779d0}: 'void java.lang.invoke.DirectMethodHandle$Holder.invokeStatic(java.lang.Object, java.lang.Object, java.lang.Object)'> (0x00000000866779d0) 
thrown [s\src\hotspot\share\interpreter\linkResolver.cpp, line 771]
Event: 20.583 Thread 0x00000226cfe7e990 Exception <a 'java/io/IOException'{0x0000000086534d68}> (0x0000000086534d68) 
thrown [s\src\hotspot\share\prims\jni.cpp, line 517]
Event: 22.436 Thread 0x00000226ef5a84f0 Exception <a 'java/lang/NoSuchMethodError'{0x0000000085a9cdc0}: 'long java.lang.invoke.DirectMethodHandle$Holder.invokeInterface(java.lang.Object, java.lang.Object)'> (0x0000000085a9cdc0) 
thrown [s\src\hotspot\share\interpreter\linkResolver.cpp, line 771]
Event: 22.450 Thread 0x00000226ef5a84f0 Exception <a 'java/lang/NoSuchMethodError'{0x0000000085ad4ab0}: 'java.lang.Object java.lang.invoke.DirectMethodHandle$Holder.invokeVirtual(java.lang.Object, java.lang.Object, java.lang.Object)'> (0x0000000085ad4ab0) 
thrown [s\src\hotspot\share\interpreter\linkResolver.cpp, line 771]

VM Operations (20 events):
Event: 19.590 Executing VM operation: HandshakeAllThreads
Event: 19.590 Executing VM operation: HandshakeAllThreads done
Event: 19.647 Executing VM operation: HandshakeAllThreads
Event: 19.647 Executing VM operation: HandshakeAllThreads done
Event: 19.850 Executing VM operation: HandshakeAllThreads
Event: 19.850 Executing VM operation: HandshakeAllThreads done
Event: 20.071 Executing VM operation: HandshakeAllThreads
Event: 20.071 Executing VM operation: HandshakeAllThreads done
Event: 20.071 Executing VM operation: Cleanup
Event: 20.071 Executing VM operation: Cleanup done
Event: 20.223 Executing VM operation: HandshakeAllThreads
Event: 20.223 Executing VM operation: HandshakeAllThreads done
Event: 20.282 Executing VM operation: HandshakeAllThreads
Event: 20.282 Executing VM operation: HandshakeAllThreads done
Event: 20.527 Executing VM operation: HandshakeAllThreads
Event: 20.527 Executing VM operation: HandshakeAllThreads done
Event: 21.027 Executing VM operation: HandshakeAllThreads
Event: 21.027 Executing VM operation: HandshakeAllThreads done
Event: 22.030 Executing VM operation: Cleanup
Event: 22.031 Executing VM operation: Cleanup done

Events (20 events):
Event: 22.089 loading class java/math/MathContext
Event: 22.090 loading class java/math/MathContext done
Event: 22.090 loading class java/math/BigDecimal
Event: 22.113 loading class java/math/BigDecimal done
Event: 22.114 loading class java/io/PipedOutputStream
Event: 22.114 loading class java/io/PipedOutputStream done
Event: 22.114 loading class java/io/PipedInputStream
Event: 22.114 loading class java/io/PipedInputStream done
Event: 22.115 Thread 0x00000226f005a1d0 Thread added: 0x00000226f005a1d0
Event: 22.137 Thread 0x00000226f005a6a0 Thread added: 0x00000226f005a6a0
Event: 22.436 loading class java/util/function/LongSupplier
Event: 22.436 loading class java/util/function/LongSupplier done
Event: 22.450 loading class java/util/stream/ForEachOps
Event: 22.451 loading class java/util/stream/ForEachOps done
Event: 22.451 loading class java/util/stream/ForEachOps$ForEachOp$OfRef
Event: 22.451 loading class java/util/stream/ForEachOps$ForEachOp
Event: 22.468 loading class java/util/stream/ForEachOps$ForEachOp done
Event: 22.468 loading class java/util/stream/ForEachOps$ForEachOp$OfRef done
Event: 22.714 loading class java/util/concurrent/ExecutionException
Event: 22.714 loading class java/util/concurrent/ExecutionException done


Dynamic libraries:
0x00007ff66d3a0000 - 0x00007ff66d3aa000 	C:\Program Files\Android\Android Studio\jbr\bin\java.exe
0x00007fff74730000 - 0x00007fff74946000 	C:\WINDOWS\SYSTEM32\ntdll.dll
0x00007fff73040000 - 0x00007fff73104000 	C:\WINDOWS\System32\KERNEL32.DLL
0x00007fff71d20000 - 0x00007fff720c7000 	C:\WINDOWS\System32\KERNELBASE.dll
0x00007fff722d0000 - 0x00007fff723e1000 	C:\WINDOWS\System32\ucrtbase.dll
0x00007fff595e0000 - 0x00007fff595fb000 	C:\Program Files\Android\Android Studio\jbr\bin\VCRUNTIME140.dll
0x00007fff63450000 - 0x00007fff63467000 	C:\Program Files\Android\Android Studio\jbr\bin\jli.dll
0x00007fff74540000 - 0x00007fff746ee000 	C:\WINDOWS\System32\USER32.dll
0x00007fff590f0000 - 0x00007fff59383000 	C:\WINDOWS\WinSxS\amd64_microsoft.windows.common-controls_6595b64144ccf1df_6.0.22621.3235_none_270f74e173860f98\COMCTL32.dll
0x00007fff720d0000 - 0x00007fff720f6000 	C:\WINDOWS\System32\win32u.dll
0x00007fff74410000 - 0x00007fff744b7000 	C:\WINDOWS\System32\msvcrt.dll
0x00007fff72700000 - 0x00007fff72729000 	C:\WINDOWS\System32\GDI32.dll
0x00007fff72100000 - 0x00007fff72219000 	C:\WINDOWS\System32\gdi32full.dll
0x00007fff71bc0000 - 0x00007fff71c5a000 	C:\WINDOWS\System32\msvcp_win.dll
0x00007fff72e90000 - 0x00007fff72ec1000 	C:\WINDOWS\System32\IMM32.DLL
0x00007fff647f0000 - 0x00007fff647fc000 	C:\Program Files\Android\Android Studio\jbr\bin\vcruntime140_1.dll
0x00007fff388a0000 - 0x00007fff3892d000 	C:\Program Files\Android\Android Studio\jbr\bin\msvcp140.dll
0x00007fff09530000 - 0x00007fff0a1b0000 	C:\Program Files\Android\Android Studio\jbr\bin\server\jvm.dll
0x00007fff72950000 - 0x00007fff72a02000 	C:\WINDOWS\System32\ADVAPI32.dll
0x00007fff72f80000 - 0x00007fff73028000 	C:\WINDOWS\System32\sechost.dll
0x00007fff722a0000 - 0x00007fff722c8000 	C:\WINDOWS\System32\bcrypt.dll
0x00007fff72460000 - 0x00007fff72575000 	C:\WINDOWS\System32\RPCRT4.dll
0x00007fff6ada0000 - 0x00007fff6adaa000 	C:\WINDOWS\SYSTEM32\VERSION.dll
0x00007fff69870000 - 0x00007fff698a4000 	C:\WINDOWS\SYSTEM32\WINMM.dll
0x00007fff680e0000 - 0x00007fff680e9000 	C:\WINDOWS\SYSTEM32\WSOCK32.dll
0x00007fff744c0000 - 0x00007fff74531000 	C:\WINDOWS\System32\WS2_32.dll
0x00007fff709f0000 - 0x00007fff70a08000 	C:\WINDOWS\SYSTEM32\kernel.appcore.dll
0x00007fff640e0000 - 0x00007fff640ea000 	C:\Program Files\Android\Android Studio\jbr\bin\jimage.dll
0x00007fff6f4f0000 - 0x00007fff6f723000 	C:\WINDOWS\SYSTEM32\DBGHELP.DLL
0x00007fff73ad0000 - 0x00007fff73e58000 	C:\WINDOWS\System32\combase.dll
0x00007fff73110000 - 0x00007fff731e7000 	C:\WINDOWS\System32\OLEAUT32.dll
0x00007fff68780000 - 0x00007fff687b2000 	C:\WINDOWS\SYSTEM32\dbgcore.DLL
0x00007fff72220000 - 0x00007fff72299000 	C:\WINDOWS\System32\bcryptPrimitives.dll
0x00007fff644a0000 - 0x00007fff644ae000 	C:\Program Files\Android\Android Studio\jbr\bin\instrument.dll
0x00007fff51e40000 - 0x00007fff51e65000 	C:\Program Files\Android\Android Studio\jbr\bin\java.dll
0x00007fff5dd30000 - 0x00007fff5dd48000 	C:\Program Files\Android\Android Studio\jbr\bin\zip.dll
0x00007fff73270000 - 0x00007fff73acc000 	C:\WINDOWS\System32\SHELL32.dll
0x00007fff6f960000 - 0x00007fff70259000 	C:\WINDOWS\SYSTEM32\windows.storage.dll
0x00007fff6f730000 - 0x00007fff6f86e000 	C:\WINDOWS\SYSTEM32\wintypes.dll
0x00007fff73f20000 - 0x00007fff74013000 	C:\WINDOWS\System32\SHCORE.dll
0x00007fff73e60000 - 0x00007fff73ebe000 	C:\WINDOWS\System32\shlwapi.dll
0x00007fff71980000 - 0x00007fff719a1000 	C:\WINDOWS\SYSTEM32\profapi.dll
0x00007fff5d3d0000 - 0x00007fff5d3e9000 	C:\Program Files\Android\Android Studio\jbr\bin\net.dll
0x00007fff68d60000 - 0x00007fff68e96000 	C:\WINDOWS\SYSTEM32\WINHTTP.dll
0x00007fff70eb0000 - 0x00007fff70f19000 	C:\WINDOWS\system32\mswsock.dll
0x00007fff5a550000 - 0x00007fff5a566000 	C:\Program Files\Android\Android Studio\jbr\bin\nio.dll
0x00007fff63e20000 - 0x00007fff63e30000 	C:\Program Files\Android\Android Studio\jbr\bin\verify.dll
0x00007fff42e40000 - 0x00007fff42e67000 	C:\Users\joaoc\.gradle\native\68d5fa5c4cc2d200863cafc0d521ce42e7d3e7ee720ec0a83991735586a16f82\windows-amd64\native-platform.dll
0x00007fff2a680000 - 0x00007fff2a7c4000 	C:\Users\joaoc\.gradle\native\e376f236ea51e6404a007f0833ffe2c6e607c4080706a723a18a27aeea778392\windows-amd64\native-platform-file-events.dll
0x00007fff64c10000 - 0x00007fff64c19000 	C:\Program Files\Android\Android Studio\jbr\bin\management.dll
0x00007fff644b0000 - 0x00007fff644bb000 	C:\Program Files\Android\Android Studio\jbr\bin\management_ext.dll
0x00007fff73030000 - 0x00007fff73038000 	C:\WINDOWS\System32\PSAPI.DLL
0x00007fff713a0000 - 0x00007fff713bb000 	C:\WINDOWS\SYSTEM32\CRYPTSP.dll
0x00007fff709b0000 - 0x00007fff709e5000 	C:\WINDOWS\system32\rsaenh.dll
0x00007fff70f50000 - 0x00007fff70f78000 	C:\WINDOWS\SYSTEM32\USERENV.dll
0x00007fff710b0000 - 0x00007fff710bc000 	C:\WINDOWS\SYSTEM32\CRYPTBASE.dll
0x00007fff704c0000 - 0x00007fff704ed000 	C:\WINDOWS\SYSTEM32\IPHLPAPI.DLL
0x00007fff72590000 - 0x00007fff72599000 	C:\WINDOWS\System32\NSI.dll
0x00007fff68a70000 - 0x00007fff68a89000 	C:\WINDOWS\SYSTEM32\dhcpcsvc6.DLL
0x00007fff68810000 - 0x00007fff6882f000 	C:\WINDOWS\SYSTEM32\dhcpcsvc.DLL
0x00007fff70530000 - 0x00007fff70629000 	C:\WINDOWS\SYSTEM32\DNSAPI.dll
0x00007fff63d80000 - 0x00007fff63d88000 	C:\WINDOWS\system32\wshunix.dll

dbghelp: loaded successfully - version: 4.0.5 - missing functions: none
symbol engine: initialized successfully - sym options: 0x614 - pdb path: .;C:\Program Files\Android\Android Studio\jbr\bin;C:\WINDOWS\SYSTEM32;C:\WINDOWS\WinSxS\amd64_microsoft.windows.common-controls_6595b64144ccf1df_6.0.22621.3235_none_270f74e173860f98;C:\Program Files\Android\Android Studio\jbr\bin\server;C:\Users\joaoc\.gradle\native\68d5fa5c4cc2d200863cafc0d521ce42e7d3e7ee720ec0a83991735586a16f82\windows-amd64;C:\Users\joaoc\.gradle\native\e376f236ea51e6404a007f0833ffe2c6e607c4080706a723a18a27aeea778392\windows-amd64

VM Arguments:
jvm_args: --add-opens=java.base/java.util=ALL-UNNAMED --add-opens=java.base/java.lang=ALL-UNNAMED --add-opens=java.base/java.lang.invoke=ALL-UNNAMED --add-opens=java.prefs/java.util.prefs=ALL-UNNAMED --add-opens=java.base/java.nio.charset=ALL-UNNAMED --add-opens=java.base/java.net=ALL-UNNAMED --add-opens=java.base/java.util.concurrent.atomic=ALL-UNNAMED -Xmx2048m -Dfile.encoding=UTF-8 -Duser.country=BR -Duser.language=pt -Duser.variant -javaagent:C:\Users\joaoc\.gradle\wrapper\dists\gradle-8.2-bin\bbg7u40eoinfdyxsxr3z4i7ta\gradle-8.2\lib\agents\gradle-instrumentation-agent-8.2.jar 
java_command: org.gradle.launcher.daemon.bootstrap.GradleDaemon 8.2
java_class_path (initial): C:\Users\joaoc\.gradle\wrapper\dists\gradle-8.2-bin\bbg7u40eoinfdyxsxr3z4i7ta\gradle-8.2\lib\gradle-launcher-8.2.jar
Launcher Type: SUN_STANDARD

[Global flags]
     intx CICompilerCount                          = 4                                         {product} {ergonomic}
     uint ConcGCThreads                            = 2                                         {product} {ergonomic}
     uint G1ConcRefinementThreads                  = 8                                         {product} {ergonomic}
   size_t G1HeapRegionSize                         = 1048576                                   {product} {ergonomic}
    uintx GCDrainStackTargetSize                   = 64                                        {product} {ergonomic}
   size_t InitialHeapSize                          = 132120576                                 {product} {ergonomic}
   size_t MarkStackSize                            = 4194304                                   {product} {ergonomic}
   size_t MaxHeapSize                              = 2147483648                                {product} {command line}
   size_t MaxNewSize                               = 1287651328                                {product} {ergonomic}
   size_t MinHeapDeltaBytes                        = 1048576                                   {product} {ergonomic}
   size_t MinHeapSize                              = 8388608                                   {product} {ergonomic}
    uintx NonNMethodCodeHeapSize                   = 5839372                                {pd product} {ergonomic}
    uintx NonProfiledCodeHeapSize                  = 122909434                              {pd product} {ergonomic}
    uintx ProfiledCodeHeapSize                     = 122909434                              {pd product} {ergonomic}
    uintx ReservedCodeCacheSize                    = 251658240                              {pd product} {ergonomic}
     bool SegmentedCodeCache                       = true                                      {product} {ergonomic}
   size_t SoftMaxHeapSize                          = 2147483648                             {manageable} {ergonomic}
     bool UseCompressedClassPointers               = true                           {product lp64_product} {ergonomic}
     bool UseCompressedOops                        = true                           {product lp64_product} {ergonomic}
     bool UseG1GC                                  = true                                      {product} {ergonomic}
     bool UseLargePagesIndividualAllocation        = false                                  {pd product} {ergonomic}

Logging:
Log output configuration:
 #0: stdout all=warning uptime,level,tags
 #1: stderr all=off uptime,level,tags

Environment Variables:
PATH=C:\Program Files\Common Files\Oracle\Java\javapath;C:\Program Files (x86)\Common Files\Oracle\Java\javapath;C:\ProgramData\Oracle\Java\javapath;C:\WINDOWS\system32;C:\WINDOWS;C:\WINDOWS\System32\Wbem;C:\WINDOWS\System32\WindowsPowerShell\v1.0\;C:\WINDOWS\System32\OpenSSH\;C:\Program Files\Git\cmd;C:\Users\joaoc\AppData\Local\Microsoft\WindowsApps;;C:\Users\joaoc\AppData\Local\Programs\Microsoft VS Code\bin
USERNAME=joaoc
OS=Windows_NT
PROCESSOR_IDENTIFIER=Intel64 Family 6 Model 126 Stepping 5, GenuineIntel
TMP=C:\Users\joaoc\AppData\Local\Temp
TEMP=C:\Users\joaoc\AppData\Local\Temp


JNI global refs:
JNI global refs: 23, weak refs: 0

JNI global refs memory usage: 843, weak refs: 841

OOME stack traces (most recent first):
Classloader memory used:
Loader bootstrap                                                                       : 1733K
Loader org.gradle.internal.classloader.VisitableURLClassLoader                         : 625K
Loader org.gradle.initialization.MixInLegacyTypesClassLoader                           : 30295B
Loader jdk.internal.loader.ClassLoaders$AppClassLoader                                 : 28352B
Loader jdk.internal.loader.ClassLoaders$PlatformClassLoader                            : 16555B
Loader jdk.internal.reflect.DelegatingClassLoader                                      : 871B

Classes loaded by more than one classloader:
Class org.gradle.internal.installation.GradleInstallation                             : loaded 2 times (x 73B)
Class org.gradle.internal.classpath.ClassPath                                         : loaded 2 times (x 68B)
Class org.gradle.api.internal.classpath.DefaultModuleRegistry                         : loaded 2 times (x 84B)
Class org.gradle.api.Action                                                           : loaded 2 times (x 68B)
Class org.gradle.api.internal.DefaultClassPathProvider                                : loaded 2 times (x 74B)
Class org.gradle.internal.installation.GradleInstallation$1                           : loaded 2 times (x 73B)
Class org.gradle.internal.classloader.FilteringClassLoader                            : loaded 2 times (x 102B)
Class org.gradle.internal.classpath.DefaultClassPath$ImmutableUniqueList$Builder      : loaded 2 times (x 73B)
Class org.gradle.internal.classloader.ClassLoaderVisitor                              : loaded 2 times (x 74B)
Class org.gradle.internal.service.DefaultServiceLocator                               : loaded 2 times (x 81B)
Class org.gradle.internal.service.UnknownServiceException                             : loaded 2 times (x 81B)
Class org.gradle.internal.classloader.VisitableURLClassLoader$Spec                    : loaded 2 times (x 72B)
Class org.gradle.api.GradleException                                                  : loaded 2 times (x 80B)
Class org.gradle.api.internal.classpath.ModuleRegistry                                : loaded 2 times (x 68B)
Class org.gradle.api.internal.ClassPathProvider                                       : loaded 2 times (x 68B)
Class org.gradle.internal.classloader.ClasspathUtil$1                                 : loaded 2 times (x 74B)
Class org.gradle.internal.classloader.ClassLoaderFactory                              : loaded 2 times (x 68B)
Class org.gradle.api.internal.classpath.ManifestUtil                                  : loaded 2 times (x 69B)
Class org.gradle.api.specs.Spec                                                       : loaded 2 times (x 68B)
Class org.gradle.internal.IoActions                                                   : loaded 2 times (x 69B)
Class org.gradle.api.internal.classpath.EffectiveClassPath                            : loaded 2 times (x 88B)
Class org.gradle.internal.installation.CurrentGradleInstallation                      : loaded 2 times (x 71B)
Class org.gradle.internal.agents.InstrumentingClassLoader                             : loaded 2 times (x 68B)
Class org.gradle.internal.installation.CurrentGradleInstallationLocator               : loaded 2 times (x 69B)
Class org.gradle.api.internal.classpath.Module                                        : loaded 2 times (x 68B)
Class org.gradle.internal.service.CachingServiceLocator                               : loaded 2 times (x 80B)
Class org.gradle.internal.classpath.DefaultClassPath                                  : loaded 2 times (x 88B)
Class org.gradle.internal.classloader.SystemClassLoaderSpec                           : loaded 2 times (x 69B)
Class org.gradle.api.UncheckedIOException                                             : loaded 2 times (x 80B)
Class org.gradle.internal.classloader.ClasspathUtil                                   : loaded 2 times (x 69B)
Class org.gradle.api.internal.DefaultClassPathRegistry                                : loaded 2 times (x 74B)
Class org.gradle.api.internal.classpath.DefaultModuleRegistry$DefaultModule           : loaded 2 times (x 84B)
Class org.gradle.api.internal.classpath.UnknownModuleException                        : loaded 2 times (x 80B)
Class org.gradle.internal.service.ServiceLookupException                              : loaded 2 times (x 80B)
Class org.gradle.cache.GlobalCache                                                    : loaded 2 times (x 68B)
Class [Lorg.gradle.api.internal.ClassPathProvider;                                    : loaded 2 times (x 67B)
Class org.gradle.util.internal.GUtil                                                  : loaded 2 times (x 69B)
Class org.gradle.internal.classloader.ClassLoaderSpec                                 : loaded 2 times (x 69B)
Class org.gradle.internal.classloader.VisitableURLClassLoader                         : loaded 2 times (x 114B)
Class org.gradle.internal.Cast                                                        : loaded 2 times (x 69B)
Class org.gradle.api.internal.ClassPathRegistry                                       : loaded 2 times (x 68B)
Class org.gradle.internal.classloader.VisitableURLClassLoader$InstrumentingVisitableURLClassLoader: loaded 2 times (x 120B)
Class org.gradle.internal.classloader.ClassLoaderHierarchy                            : loaded 2 times (x 68B)
Class org.gradle.internal.InternalTransformer                                         : loaded 2 times (x 68B)
Class org.gradle.internal.service.ServiceLocator                                      : loaded 2 times (x 68B)
Class org.gradle.internal.classpath.DefaultClassPath$ImmutableUniqueList              : loaded 2 times (x 159B)
Class org.gradle.internal.classpath.TransformedClassPath                              : loaded 2 times (x 94B)


---------------  S Y S T E M  ---------------

OS:
 Windows 11 , 64 bit Build 22621 (10.0.22621.3374)
OS uptime: 15 days 18:18 hours
Hyper-V role detected

CPU: total 8 (initial active 8) (4 cores per cpu, 2 threads per core) family 6 model 126 stepping 5 microcode 0x86, cx8, cmov, fxsr, ht, mmx, 3dnowpref, sse, sse2, sse3, ssse3, sse4.1, sse4.2, popcnt, lzcnt, tsc, tscinvbit, avx, avx2, aes, erms, clmul, bmi1, bmi2, adx, avx512f, avx512dq, avx512cd, avx512bw, avx512vl, sha, fma, vzeroupper, avx512_vpopcntdq, avx512_vpclmulqdq, avx512_vaes, avx512_vnni, clflush, clflushopt, avx512_vbmi2, avx512_vbmi, hv

Memory: 4k page, system-wide physical 7987M (490M free)
TotalPageFile size 12083M (AvailPageFile size 1M)
current process WorkingSet (physical memory assigned to process): 127M, peak: 127M
current process commit charge ("private bytes"): 248M, peak: 252M

vm_info: OpenJDK 64-Bit Server VM (17.0.7+0-b2043.56-10550314) for windows-amd64 JRE (17.0.7+0-b2043.56-10550314), built on Jul 24 2023 18:27:45 by "androidbuild" with MS VC++ 16.10 / 16.11 (VS2019)

END.
